Using pre-set license
Built from '2020.3/staging' branch; Version is '2020.3.11f1 (99c7afb366b3) revision 10078127'; Using compiler version '192528614'; Build Type 'Release'
OS: 'Windows 10 Home Single Language; OS build 19043.1165; Version 2009; 64bit' Language: 'en' Physical Memory: 12139 MB
BatchMode: 1, IsHumanControllingUs: 0, StartBugReporterOnCrash: 0, Is64bit: 1, IsPro: 0

 COMMAND LINE ARGUMENTS:
C:\Program Files\Unity\Hub\Editor\2020.3.11f1\Editor\Unity.exe
-adb2
-batchMode
-noUpm
-name
AssetImportWorker0
-projectPath
C:/Users/User/Downloads/creation/unity/flow
-logFile
Logs/AssetImportWorker0.log
-srvPort
59291
Successfully changed project path to: C:/Users/User/Downloads/creation/unity/flow
C:/Users/User/Downloads/creation/unity/flow
Using Asset Import Pipeline V2.
Refreshing native plugins compatible for Editor in 48.79 ms, found 3 plugins.
Preloading 0 native plugins for Editor in 0.00 ms.
Initialize engine version: 2020.3.11f1 (99c7afb366b3)
[Subsystems] Discovering subsystems at path C:/Program Files/Unity/Hub/Editor/2020.3.11f1/Editor/Data/Resources/UnitySubsystems
[Subsystems] Discovering subsystems at path C:/Users/User/Downloads/creation/unity/flow/Assets
GfxDevice: creating device client; threaded=0
Direct3D:
    Version:  Direct3D 11.0 [level 11.1]
    Renderer: NVIDIA GeForce MX250 (ID=0x1d13)
    Vendor:   
    VRAM:     1983 MB
    Driver:   30.0.14.7168
Initialize mono
Mono path[0] = 'C:/Program Files/Unity/Hub/Editor/2020.3.11f1/Editor/Data/Managed'
Mono path[1] = 'C:/Program Files/Unity/Hub/Editor/2020.3.11f1/Editor/Data/MonoBleedingEdge/lib/mono/unityjit'
Mono config path = 'C:/Program Files/Unity/Hub/Editor/2020.3.11f1/Editor/Data/MonoBleedingEdge/etc'
Using monoOptions --debugger-agent=transport=dt_socket,embedding=1,server=y,suspend=n,address=127.0.0.1:56660
Begin MonoManager ReloadAssembly
Registering precompiled unity dll's ...
Register platform support module: C:/Program Files/Unity/Hub/Editor/2020.3.11f1/Editor/Data/PlaybackEngines/WindowsStandaloneSupport/UnityEditor.WindowsStandalone.Extensions.dll
Registered in 0.002472 seconds.
Native extension for WindowsStandalone target not found
Refreshing native plugins compatible for Editor in 45.99 ms, found 3 plugins.
Preloading 0 native plugins for Editor in 0.00 ms.
Mono: successfully reloaded assembly
- Completed reload, in  1.964 seconds
Platform modules already initialized, skipping
Registering precompiled user dll's ...
Registered in 0.004976 seconds.
Begin MonoManager ReloadAssembly
Native extension for WindowsStandalone target not found
Refreshing native plugins compatible for Editor in 45.59 ms, found 3 plugins.
Preloading 0 native plugins for Editor in 0.00 ms.
Mono: successfully reloaded assembly
- Completed reload, in  1.303 seconds
Platform modules already initialized, skipping
========================================================================
Worker process is ready to serve import requests
Launched and connected shader compiler UnityShaderCompiler.exe after 0.04 seconds
Refreshing native plugins compatible for Editor in 0.48 ms, found 3 plugins.
Preloading 0 native plugins for Editor in 0.00 ms.
Unloading 2229 Unused Serialized files (Serialized files now loaded: 0)
System memory in use before: 103.4 MB.
System memory in use after: 103.5 MB.

Unloading 28 unused Assets to reduce memory usage. Loaded Objects now: 2669.
Total: 2.522200 ms (FindLiveObjects: 0.250900 ms CreateObjectMapping: 0.090100 ms MarkObjects: 2.044700 ms  DeleteObjects: 0.135200 ms)

========================================================================
Received Import Request.
  path: Assets/Scenes/DesignStuff/Mockup-Regular SDF.asset
  artifactKey: Guid(3cf0e4e238d466d4fb18c2cc2756fda0) Importer(815301076,1909f56bfc062723c751e8b465ee728b)
Start importing Assets/Scenes/DesignStuff/Mockup-Regular SDF.asset using Guid(3cf0e4e238d466d4fb18c2cc2756fda0) Importer(815301076,1909f56bfc062723c751e8b465ee728b)  -> (artifact id: '77d8d68c9402194d11ac33eb3aa26037') in 0.155302 seconds
  Import took 0.160974 seconds .

========================================================================
Received Import Request.
  Time since last request: 0.000529 seconds.
  path: Assets/Scenes/DesignStuff/Sweetgentle Free SDF.asset
  artifactKey: Guid(9c032ce4b9491f54c80475a44fa1be34) Importer(815301076,1909f56bfc062723c751e8b465ee728b)
Start importing Assets/Scenes/DesignStuff/Sweetgentle Free SDF.asset using Guid(9c032ce4b9491f54c80475a44fa1be34) Importer(815301076,1909f56bfc062723c751e8b465ee728b)  -> (artifact id: '2ff8823e62e3321706750a61503193bc') in 0.021650 seconds
  Import took 0.029579 seconds .

========================================================================
Received Import Request.
  Time since last request: 0.000527 seconds.
  path: Assets/Scenes/DesignStuff/Mockup-Regular.otf
  artifactKey: Guid(51ec2ea64a4f91043b9e9d085829691a) Importer(815301076,1909f56bfc062723c751e8b465ee728b)
Start importing Assets/Scenes/DesignStuff/Mockup-Regular.otf using Guid(51ec2ea64a4f91043b9e9d085829691a) Importer(815301076,1909f56bfc062723c751e8b465ee728b)  -> (artifact id: '7fef9cd2e9a7956aba61aac2f1a59869') in 0.057276 seconds
  Import took 0.062899 seconds .

========================================================================
Received Import Request.
  Time since last request: 0.000462 seconds.
  path: Assets/Scenes/DesignStuff/introBg.png
  artifactKey: Guid(692d1a2334c777e4783cb99b408e4c1c) Importer(815301076,1909f56bfc062723c751e8b465ee728b)
Start importing Assets/Scenes/DesignStuff/introBg.png using Guid(692d1a2334c777e4783cb99b408e4c1c) Importer(815301076,1909f56bfc062723c751e8b465ee728b)  -> (artifact id: 'd0364afc0300565f64056158ea8888d6') in 0.067750 seconds
  Import took 0.073162 seconds .

========================================================================
Received Import Request.
  Time since last request: 0.000622 seconds.
  path: Assets/Scenes/DesignStuff/Sweetgentle Free.otf
  artifactKey: Guid(9e773a2044d50c843b2fc808ed61fb96) Importer(815301076,1909f56bfc062723c751e8b465ee728b)
Start importing Assets/Scenes/DesignStuff/Sweetgentle Free.otf using Guid(9e773a2044d50c843b2fc808ed61fb96) Importer(815301076,1909f56bfc062723c751e8b465ee728b)  -> (artifact id: '214a3972b298fa33cae7fe5dad99973b') in 0.011390 seconds
  Import took 0.019179 seconds .

========================================================================
Received Import Request.
  Time since last request: 0.000778 seconds.
  path: Assets/Scenes/DesignStuff/MainScreen.asset
  artifactKey: Guid(0b427c0cd56a46f458c13c5befd77925) Importer(815301076,1909f56bfc062723c751e8b465ee728b)
Start importing Assets/Scenes/DesignStuff/MainScreen.asset using Guid(0b427c0cd56a46f458c13c5befd77925) Importer(815301076,1909f56bfc062723c751e8b465ee728b)  -> (artifact id: '0a18ca452f8436f3c6674f2b78cce1b3') in 0.004665 seconds
  Import took 0.010653 seconds .

========================================================================
Received Import Request.
  Time since last request: 83.773060 seconds.
  path: Assets/Scenes/lineProcess.asset
  artifactKey: Guid(e7750affa8f943144a9aa0788ee6cd31) Importer(815301076,1909f56bfc062723c751e8b465ee728b)
Start importing Assets/Scenes/lineProcess.asset using Guid(e7750affa8f943144a9aa0788ee6cd31) Importer(815301076,1909f56bfc062723c751e8b465ee728b)  -> (artifact id: 'f8937f6a3fb3985d5b802845ba7ed3ac') in 0.013798 seconds
  Import took 0.019381 seconds .

========================================================================
Received Import Request.
  Time since last request: 6.684144 seconds.
  path: Assets/Scenes/SampleScene.unity
  artifactKey: Guid(2cda990e2423bbf4892e6590ba056729) Importer(815301076,1909f56bfc062723c751e8b465ee728b)
Start importing Assets/Scenes/SampleScene.unity using Guid(2cda990e2423bbf4892e6590ba056729) Importer(815301076,1909f56bfc062723c751e8b465ee728b)  -> (artifact id: '1068ed23a3ce9a0e29543eaa6dd0d6af') in 0.003511 seconds
  Import took 0.008613 seconds .

========================================================================
Received Import Request.
  Time since last request: 93.399559 seconds.
  path: Assets/Scenes/Menu.unity
  artifactKey: Guid(b8bbaec8b0ab5e6469791d70cb2cd13a) Importer(815301076,1909f56bfc062723c751e8b465ee728b)
Start importing Assets/Scenes/Menu.unity using Guid(b8bbaec8b0ab5e6469791d70cb2cd13a) Importer(815301076,1909f56bfc062723c751e8b465ee728b)  -> (artifact id: '055c0430566f17eb0b017e7d9c44b1e8') in 0.004657 seconds
  Import took 0.013957 seconds .

========================================================================
Received Import Request.
  Time since last request: 0.001372 seconds.
  path: Assets/Scenes/Menu.unity
  artifactKey: Guid(b8bbaec8b0ab5e6469791d70cb2cd13a) Importer(815301076,1909f56bfc062723c751e8b465ee728b)
Start importing Assets/Scenes/Menu.unity using Guid(b8bbaec8b0ab5e6469791d70cb2cd13a) Importer(815301076,1909f56bfc062723c751e8b465ee728b)  -> (artifact id: '055c0430566f17eb0b017e7d9c44b1e8') in 0.003311 seconds
  Import took 0.008994 seconds .

========================================================================
Received Import Request.
  Time since last request: 208.792757 seconds.
  path: Assets/Scenes/DesignStuff/introBgtransp.png
  artifactKey: Guid(c5ad1dd6b9f240f4e975aae8fa99e5e0) Importer(815301076,1909f56bfc062723c751e8b465ee728b)
Start importing Assets/Scenes/DesignStuff/introBgtransp.png using Guid(c5ad1dd6b9f240f4e975aae8fa99e5e0) Importer(815301076,1909f56bfc062723c751e8b465ee728b)  -> (artifact id: 'aef48f602eddd6f29a631f80b8d75b45') in 0.031129 seconds
  Import took 0.036507 seconds .

========================================================================
Received Import Request.
  Time since last request: 0.000495 seconds.
  path: Assets/Scenes/DesignStuff
  artifactKey: Guid(0e6a2f74ef04f8d4fb986456762c362d) Importer(815301076,1909f56bfc062723c751e8b465ee728b)
Start importing Assets/Scenes/DesignStuff using Guid(0e6a2f74ef04f8d4fb986456762c362d) Importer(815301076,1909f56bfc062723c751e8b465ee728b)  -> (artifact id: '34a763f9ac4574baf7b930f10630c73a') in 0.003543 seconds
  Import took 0.011012 seconds .

========================================================================
Received Prepare
Refreshing native plugins compatible for Editor in 4.69 ms, found 3 plugins.
Preloading 0 native plugins for Editor in 0.00 ms.
Unloading 14 Unused Serialized files (Serialized files now loaded: 0)
System memory in use before: 60.4 MB.
System memory in use after: 60.5 MB.

Unloading 14 unused Assets to reduce memory usage. Loaded Objects now: 2716.
Total: 3.726000 ms (FindLiveObjects: 0.387400 ms CreateObjectMapping: 0.128700 ms MarkObjects: 3.181300 ms  DeleteObjects: 0.026800 ms)

AssetImportWorkerClient::OnTransportError - code=2 error=End of file
